<?xml version="1.0" encoding="UTF-8"?>
<!-- Generated by org.testng.reporters.JUnitXMLReporter -->
<testsuite ignored="2" hostname="LAPTOP-TT3IEQ8V" failures="0" tests="4" name="Test" time="86.141" errors="0" timestamp="2021-06-04T17:32:32 IST">
  <testcase classname="com.TestCases.TestCases" name="TC_01_ProductName_AscendingSort" time="21.484"/>
  <testcase classname="com.TestCases.TestCases" name="TC_02_ProductName_DescendingSort" time="9.852"/>
  <testcase classname="com.TestCases.TestCases" name="TC_03_ProductPrice_AscendingSort" time="12.009"/>
  <testcase classname="com.TestCases.TestCases" name="TC_04_ProductPrice_DescendingSort" time="9.143"/>
  <testcase classname="com.TestCases.ParentClass" name="@AfterTest tearDown" time="0.0">
    <ignored/>
  </testcase> <!-- @AfterTest tearDown -->
  <testcase classname="com.TestCases.ParentClass" name="@BeforeTest setUp" time="0.0">
    <ignored/>
  </testcase> <!-- @BeforeTest setUp -->
</testsuite> <!-- Test -->
