<?xml version="1.0" encoding="UTF-8"?>
<testng-results ignored="2" total="6" passed="4" failed="0" skipped="0">
  <reporter-output>
    <line>
      <![CDATA[All Instances closed successfully]]>
    </line>
  </reporter-output>
  <suite started-at="2021-06-04T17:31:06 IST" name="Suite" finished-at="2021-06-04T17:32:32 IST" duration-ms="86141">
    <groups>
    </groups>
    <test started-at="2021-06-04T17:31:06 IST" name="Test" finished-at="2021-06-04T17:32:32 IST" duration-ms="86141">
      <class name="com.TestCases.TestCases">
        <test-method is-config="true" signature="setUp(java.lang.String)[pri:0, instance:com.TestCases.TestCases@6b85300e]" started-at="2021-06-04T17:31:06 IST" name="setUp" finished-at="2021-06-04T17:31:38 IST" duration-ms="32144" status="PASS">
          <params>
            <param index="0">
              <value>
                <![CDATA[chrome]]>
              </value>
            </param>
          </params>
          <reporter-output>
          </reporter-output>
        </test-method> <!-- setUp -->
        <test-method signature="TC_01_ProductName_AscendingSort()[pri:1, instance:com.TestCases.TestCases@6b85300e]" started-at="2021-06-04T17:31:38 IST" name="TC_01_ProductName_AscendingSort" finished-at="2021-06-04T17:32:00 IST" duration-ms="21484" status="PASS">
          <reporter-output>
          </reporter-output>
        </test-method> <!-- TC_01_ProductName_AscendingSort -->
        <test-method signature="TC_02_ProductName_DescendingSort()[pri:2, instance:com.TestCases.TestCases@6b85300e]" started-at="2021-06-04T17:32:00 IST" name="TC_02_ProductName_DescendingSort" finished-at="2021-06-04T17:32:10 IST" duration-ms="9852" status="PASS">
          <reporter-output>
          </reporter-output>
        </test-method> <!-- TC_02_ProductName_DescendingSort -->
        <test-method signature="TC_03_ProductPrice_AscendingSort()[pri:3, instance:com.TestCases.TestCases@6b85300e]" started-at="2021-06-04T17:32:10 IST" name="TC_03_ProductPrice_AscendingSort" finished-at="2021-06-04T17:32:22 IST" duration-ms="12009" status="PASS">
          <reporter-output>
          </reporter-output>
        </test-method> <!-- TC_03_ProductPrice_AscendingSort -->
        <test-method signature="TC_04_ProductPrice_DescendingSort()[pri:4, instance:com.TestCases.TestCases@6b85300e]" started-at="2021-06-04T17:32:22 IST" name="TC_04_ProductPrice_DescendingSort" finished-at="2021-06-04T17:32:31 IST" duration-ms="9143" status="PASS">
          <reporter-output>
          </reporter-output>
        </test-method> <!-- TC_04_ProductPrice_DescendingSort -->
        <test-method is-config="true" signature="tearDown()[pri:0, instance:com.TestCases.TestCases@6b85300e]" started-at="2021-06-04T17:32:31 IST" name="tearDown" finished-at="2021-06-04T17:32:32 IST" duration-ms="1368" status="PASS">
          <reporter-output>
            <line>
              <![CDATA[All Instances closed successfully]]>
            </line>
          </reporter-output>
        </test-method> <!-- tearDown -->
      </class> <!-- com.TestCases.TestCases -->
    </test> <!-- Test -->
  </suite> <!-- Suite -->
</testng-results>
